2024-02-24 13:26:18.538 [info] Started initializing default profile extensions in extensions installation folder. file:///home/rcraig/.vscode/extensions
2024-02-24 13:26:18.653 [warning] Failed to create default profile extensions manifest in extensions installation folder. file:///home/rcraig/.vscode/extensions Unable to create file 'vscode-userdata:/home/rcraig/.vscode/extensions/extensions.json' that already exists when overwrite flag is not set
2024-02-24 13:26:18.653 [info] Completed initializing default profile extensions in extensions installation folder. file:///home/rcraig/.vscode/extensions
2024-02-24 13:26:18.843 [error] [uncaught exception in sharedProcess]: Event not found: onDidChange: CodeExpectedError: Event not found: onDidChange
    at Object.listen (/opt/visual-studio-code/resources/app/out/vs/code/node/sharedProcess/sharedProcessMain.js:45:4959)
    at E.t (/opt/visual-studio-code/resources/app/out/vs/code/node/sharedProcess/sharedProcessMain.js:44:251)
    at E.q (/opt/visual-studio-code/resources/app/out/vs/code/node/sharedProcess/sharedProcessMain.js:43:4371)
    at w.value (/opt/visual-studio-code/resources/app/out/vs/code/node/sharedProcess/sharedProcessMain.js:43:3602)
    at d.y (/opt/visual-studio-code/resources/app/out/vs/code/node/sharedProcess/sharedProcessMain.js:38:1902)
    at d.z (/opt/visual-studio-code/resources/app/out/vs/code/node/sharedProcess/sharedProcessMain.js:38:1972)
    at d.fire (/opt/visual-studio-code/resources/app/out/vs/code/node/sharedProcess/sharedProcessMain.js:38:2188)
    at MessagePortMain.de (/opt/visual-studio-code/resources/app/out/vs/code/node/sharedProcess/sharedProcessMain.js:36:30422)
    at MessagePortMain.emit (node:events:514:28)
    at Object.emit (node:electron/js2c/utility_init:2:2285)
2024-02-24 13:27:18.132 [info] Getting Manifest... ms-python.python
2024-02-24 13:27:18.145 [info] Installing extension: ms-python.python
2024-02-24 13:27:18.686 [info] Getting Manifest... ms-python.vscode-pylance
2024-02-24 13:27:18.714 [info] Getting Manifest... ms-python.debugpy
2024-02-24 13:27:18.812 [info] Installing extension: ms-python.vscode-pylance ms-python.python
2024-02-24 13:27:18.813 [info] Installing extension: ms-python.debugpy ms-python.python
2024-02-24 13:27:19.524 [warning] Extension signature verification failed with error 'UnknownError': ms-python.debugpy
2024-02-24 13:27:19.570 [warning] Extension signature verification failed with error 'UnknownError': ms-python.python
2024-02-24 13:27:20.154 [info] Extracted extension to file:///home/rcraig/.vscode/extensions/ms-python.debugpy-2024.0.0-linux-x64: ms-python.debugpy
2024-02-24 13:27:20.173 [info] Renamed to /home/rcraig/.vscode/extensions/ms-python.debugpy-2024.0.0-linux-x64
2024-02-24 13:27:20.175 [info] Extracting extension completed. ms-python.debugpy
2024-02-24 13:27:20.260 [error] [uncaught exception in sharedProcess]: Error: ENOENT: no such file or directory, stat '/home/rcraig/.vscode/extensions/extensions.json.vsctmp': EntryNotFound (FileSystemError): Error: ENOENT: no such file or directory, stat '/home/rcraig/.vscode/extensions/extensions.json.vsctmp'
    at r.create (/opt/visual-studio-code/resources/app/out/vs/code/node/sharedProcess/sharedProcessMain.js:51:30119)
    at a (/opt/visual-studio-code/resources/app/out/vs/code/node/sharedProcess/sharedProcessMain.js:51:30234)
    at i.fb (/opt/visual-studio-code/resources/app/out/vs/code/node/sharedProcess/sharedProcessMain.js:56:36631)
    at i.stat (/opt/visual-studio-code/resources/app/out/vs/code/node/sharedProcess/sharedProcessMain.js:56:29077)
    at async v.stat (/opt/visual-studio-code/resources/app/out/vs/code/node/sharedProcess/sharedProcessMain.js:56:16223)
    at async Y.tb (/opt/visual-studio-code/resources/app/out/vs/code/node/sharedProcess/sharedProcessMain.js:102:108626)
2024-02-24 13:27:21.543 [info] Extracted extension to file:///home/rcraig/.vscode/extensions/ms-python.python-2024.0.1: ms-python.python
2024-02-24 13:27:21.568 [info] Renamed to /home/rcraig/.vscode/extensions/ms-python.python-2024.0.1
2024-02-24 13:27:21.573 [info] Extracting extension completed. ms-python.python
2024-02-24 13:27:21.666 [error] [uncaught exception in sharedProcess]: Error: ENOENT: no such file or directory, stat '/home/rcraig/.vscode/extensions/extensions.json.vsctmp': EntryNotFound (FileSystemError): Error: ENOENT: no such file or directory, stat '/home/rcraig/.vscode/extensions/extensions.json.vsctmp'
    at r.create (/opt/visual-studio-code/resources/app/out/vs/code/node/sharedProcess/sharedProcessMain.js:51:30119)
    at a (/opt/visual-studio-code/resources/app/out/vs/code/node/sharedProcess/sharedProcessMain.js:51:30234)
    at i.fb (/opt/visual-studio-code/resources/app/out/vs/code/node/sharedProcess/sharedProcessMain.js:56:36631)
    at i.stat (/opt/visual-studio-code/resources/app/out/vs/code/node/sharedProcess/sharedProcessMain.js:56:29077)
    at async v.stat (/opt/visual-studio-code/resources/app/out/vs/code/node/sharedProcess/sharedProcessMain.js:56:16223)
    at async Y.tb (/opt/visual-studio-code/resources/app/out/vs/code/node/sharedProcess/sharedProcessMain.js:102:108626)
2024-02-24 13:27:22.125 [warning] Extension signature verification failed with error 'UnknownError': ms-python.vscode-pylance
2024-02-24 13:27:25.397 [info] Extracted extension to file:///home/rcraig/.vscode/extensions/ms-python.vscode-pylance-2024.2.2: ms-python.vscode-pylance
2024-02-24 13:27:25.423 [info] Renamed to /home/rcraig/.vscode/extensions/ms-python.vscode-pylance-2024.2.2
2024-02-24 13:27:25.427 [info] Extracting extension completed. ms-python.vscode-pylance
2024-02-24 13:27:25.447 [info] Extension installed successfully: ms-python.debugpy
2024-02-24 13:27:25.448 [info] Extension installed successfully: ms-python.python
2024-02-24 13:27:25.448 [info] Extension installed successfully: ms-python.vscode-pylance
2024-02-24 13:27:25.515 [error] [uncaught exception in sharedProcess]: Error: ENOENT: no such file or directory, stat '/home/rcraig/.vscode/extensions/extensions.json.vsctmp': EntryNotFound (FileSystemError): Error: ENOENT: no such file or directory, stat '/home/rcraig/.vscode/extensions/extensions.json.vsctmp'
    at r.create (/opt/visual-studio-code/resources/app/out/vs/code/node/sharedProcess/sharedProcessMain.js:51:30119)
    at a (/opt/visual-studio-code/resources/app/out/vs/code/node/sharedProcess/sharedProcessMain.js:51:30234)
    at i.fb (/opt/visual-studio-code/resources/app/out/vs/code/node/sharedProcess/sharedProcessMain.js:56:36631)
    at i.stat (/opt/visual-studio-code/resources/app/out/vs/code/node/sharedProcess/sharedProcessMain.js:56:29077)
    at async v.stat (/opt/visual-studio-code/resources/app/out/vs/code/node/sharedProcess/sharedProcessMain.js:56:16223)
    at async Y.tb (/opt/visual-studio-code/resources/app/out/vs/code/node/sharedProcess/sharedProcessMain.js:102:108626)
